<?xml version="1.0" encoding="utf-8"?><testsuites name="pytest tests"><testsuite name="pytest" errors="0" failures="0" skipped="0" tests="42" time="0.910" timestamp="2026-05-06T14:49:05.459744+03:00" hostname="YOTAM"><testcase classname="tests.unit.test_models" name="test_valid_7_digit_plate" time="0.002" /><testcase classname="tests.unit.test_models" name="test_valid_8_digit_plate" time="0.000" /><testcase classname="tests.unit.test_models" name="test_strips_whitespace" time="0.000" /><testcase classname="tests.unit.test_models" name="test_invalid_non_digits" time="0.000" /><testcase classname="tests.unit.test_models" name="test_invalid_too_short" time="0.000" /><testcase classname="tests.unit.test_routes" name="test_health" time="0.006" /><testcase classname="tests.unit.test_routes" name="test_vehicle_info_success" time="0.004" /><testcase classname="tests.unit.test_routes" name="test_vehicle_info_not_found" time="0.003" /><testcase classname="tests.unit.test_routes" name="test_vehicle_info_upstream_malformed" time="0.003" /><testcase classname="tests.unit.test_routes" name="test_vehicle_info_upstream_unavailable" time="0.003" /><testcase classname="tests.unit.test_routes" name="test_vehicle_info_invalid_plate_letters" time="0.003" /><testcase classname="tests.unit.test_routes" name="test_vehicle_info_plate_too_short" time="0.002" /><testcase classname="tests.unit.test_routes" name="test_vehicle_info_plate_too_long" time="0.003" /><testcase classname="tests.unit.test_routes" name="test_vehicle_info_empty_plate" time="0.002" /><testcase classname="tests.unit.test_routes" name="test_vehicle_info_missing_field" time="0.003" /><testcase classname="tests.unit.test_routes" name="test_vehicle_info_strips_whitespace" time="0.003" /><testcase classname="tests.unit.test_routes" name="test_vehicle_info_unknown_error_message" time="0.003" /><testcase classname="tests.unit.test_vehicle_lookup" name="test_mask_plate_7_digits" time="0.000" /><testcase classname="tests.unit.test_vehicle_lookup" name="test_mask_plate_8_digits" time="0.000" /><testcase classname="tests.unit.test_vehicle_lookup" name="test_mask_plate_short" time="0.000" /><testcase classname="tests.unit.test_vehicle_lookup" name="test_mask_plate_empty" time="0.000" /><testcase classname="tests.unit.test_vehicle_lookup" name="test_mask_plate_two_digits" time="0.000" /><testcase classname="tests.unit.test_vehicle_lookup" name="test_lookup_vehicle_success" time="0.008" /><testcase classname="tests.unit.test_vehicle_lookup" name="test_lookup_vehicle_not_found" time="0.002" /><testcase classname="tests.unit.test_vehicle_lookup" name="test_lookup_vehicle_upstream_malformed" time="0.002" /><testcase classname="tests.unit.test_vehicle_lookup" name="test_lookup_vehicle_upstream_unavailable" time="0.002" /><testcase classname="tests.unit.test_vehicle_lookup" name="test_lookup_vehicle_unknown_error_code" time="0.001" /><testcase classname="tests.unit.test_vehicle_service" name="test_parse_valid_response" time="0.001" /><testcase classname="tests.unit.test_vehicle_service" name="test_parse_missing_field" time="0.000" /><testcase classname="tests.unit.test_vehicle_service" name="test_parse_no_data_key" time="0.000" /><testcase classname="tests.unit.test_vehicle_service" name="test_parse_empty_dict" time="0.000" /><testcase classname="tests.unit.test_vehicle_service" name="test_fetch_success" time="0.004" /><testcase classname="tests.unit.test_vehicle_service" name="test_fetch_malformed_response" time="0.002" /><testcase classname="tests.unit.test_vehicle_service" name="test_fetch_404" time="0.002" /><testcase classname="tests.unit.test_vehicle_service" name="test_fetch_401_no_retry" time="0.002" /><testcase classname="tests.unit.test_vehicle_service" name="test_fetch_403_no_retry" time="0.002" /><testcase classname="tests.unit.test_vehicle_service" name="test_fetch_422_no_retry" time="0.002" /><testcase classname="tests.unit.test_vehicle_service" name="test_fetch_retries_on_500_then_succeeds" time="0.005" /><testcase classname="tests.unit.test_vehicle_service" name="test_fetch_all_retries_exhausted" time="0.015" /><testcase classname="tests.unit.test_vehicle_service" name="test_fetch_timeout_exhausts_retries" time="0.002" /><testcase classname="tests.unit.test_vehicle_service" name="test_fetch_connection_error_exhausts_retries" time="0.003" /><testcase classname="tests.unit.test_vehicle_service" name="test_fetch_timeout_then_success" time="0.010" /></testsuite></testsuites>